_solve_elapsed_time = 0.004026

calculated_sum = 6036

target_sum = 6036

set_len = 92

x [*] :=
 1 1          20 1          39 1          58 0          77 0
 2 1          21 1          40 1          59 0          78 0
 3 1          22 1          41 1          60 0          79 0
 4 1          23 1          42 1          61 0          80 0
 5 1          24 1          43 1          62 0          81 0
 6 1          25 1          44 1          63 0          82 0
 7 1          26 1          45 1          64 0          83 0
 8 1          27 1          46 1          65 0          84 0
 9 1          28 1          47 1          66 0          85 0
10 1          29 1          48 1          67 0          86 0
11 1          30 1          49 0.680203   68 0          87 0
12 1          31 1          50 0          69 0          88 0
13 1          32 1          51 0          70 0          89 0
14 1          33 1          52 0          71 0          90 0
15 1          34 1          53 0          72 0          91 0
16 1          35 1          54 0          73 0          92 0
17 1          36 1          55 0          74 0
18 1          37 1          56 0          75 0
19 1          38 1          57 0          76 0
;

